2014-10-29 14:40:15,185 [Worker-13] INFO  o.e.m.c.i.l.LifecycleMappingFactory - Using org.maven.ide.eclipse.wtp.WarLifecycleMapping lifecycle mapping for MavenProject: id.co.skyforce:minifinance:1.0-SNAPSHOT @ C:\Users\total\git\finalexam\minifinance\pom.xml.
2014-10-29 14:40:20,515 [Worker-17] WARN  o.e.m.c.i.embedder.EclipseLogger - Using platform encoding (Cp1252 actually) to copy filtered resources, i.e. build is platform dependent!
2014-10-29 14:40:20,525 [Worker-17] INFO  o.e.m.c.i.embedder.EclipseLogger - Copying 3 resources
2014-10-29 14:40:20,545 [Worker-17] WARN  o.e.m.c.i.embedder.EclipseLogger - Using platform encoding (Cp1252 actually) to copy filtered resources, i.e. build is platform dependent!
2014-10-29 14:40:20,545 [Worker-17] INFO  o.e.m.c.i.embedder.EclipseLogger - skip non existing resourceDirectory C:\Users\total\git\finalexam\minifinance\src\test\resources
2014-10-29 14:41:22,507 [Worker-21] WARN  o.e.m.c.i.embedder.EclipseLogger - Using platform encoding (Cp1252 actually) to copy filtered resources, i.e. build is platform dependent!
2014-10-29 14:41:22,517 [Worker-21] INFO  o.e.m.c.i.embedder.EclipseLogger - Copying 3 resources
2014-10-29 14:41:22,527 [Worker-21] WARN  o.e.m.c.i.embedder.EclipseLogger - Using platform encoding (Cp1252 actually) to copy filtered resources, i.e. build is platform dependent!
2014-10-29 14:41:22,537 [Worker-21] INFO  o.e.m.c.i.embedder.EclipseLogger - skip non existing resourceDirectory C:\Users\total\git\finalexam\minifinance\src\test\resources
2014-10-29 14:46:39,724 [Worker-22] INFO  o.e.m.c.i.l.LifecycleMappingFactory - Using org.maven.ide.eclipse.wtp.WarLifecycleMapping lifecycle mapping for MavenProject: id.co.skyforce:minifinance:1.0-SNAPSHOT @ C:\Users\total\git\finalexam\minifinance\pom.xml.
2014-10-29 14:46:40,174 [Worker-17] INFO  o.e.m.c.i.l.LifecycleMappingFactory - Using org.maven.ide.eclipse.wtp.WarLifecycleMapping lifecycle mapping for MavenProject: id.co.skyforce:minifinance:1.0-SNAPSHOT @ C:\Users\total\git\finalexam\minifinance\pom.xml.
2014-10-29 14:46:40,914 [Worker-17] WARN  o.e.m.c.i.embedder.EclipseLogger - Using platform encoding (Cp1252 actually) to copy filtered resources, i.e. build is platform dependent!
2014-10-29 14:46:40,914 [Worker-17] INFO  o.e.m.c.i.embedder.EclipseLogger - Copying 3 resources
2014-10-29 14:46:40,934 [Worker-17] WARN  o.e.m.c.i.embedder.EclipseLogger - Using platform encoding (Cp1252 actually) to copy filtered resources, i.e. build is platform dependent!
2014-10-29 14:46:40,934 [Worker-17] INFO  o.e.m.c.i.embedder.EclipseLogger - skip non existing resourceDirectory C:\Users\total\git\finalexam\minifinance\src\test\resources
2014-10-29 14:46:42,531 [Worker-17] INFO  o.e.m.c.i.l.LifecycleMappingFactory - Using org.maven.ide.eclipse.wtp.WarLifecycleMapping lifecycle mapping for MavenProject: id.co.skyforce:minifinance:1.0-SNAPSHOT @ C:\Users\total\git\finalexam\minifinance\pom.xml.
2014-10-29 14:46:45,946 [Worker-24] WARN  o.e.m.c.i.embedder.EclipseLogger - Using platform encoding (Cp1252 actually) to copy filtered resources, i.e. build is platform dependent!
2014-10-29 14:46:45,956 [Worker-24] INFO  o.e.m.c.i.embedder.EclipseLogger - Copying 3 resources
2014-10-29 14:46:45,966 [Worker-24] WARN  o.e.m.c.i.embedder.EclipseLogger - Using platform encoding (Cp1252 actually) to copy filtered resources, i.e. build is platform dependent!
2014-10-29 14:46:45,966 [Worker-24] INFO  o.e.m.c.i.embedder.EclipseLogger - skip non existing resourceDirectory C:\Users\total\git\finalexam\minifinance\src\test\resources
2014-10-29 15:12:20,587 [Worker-7] INFO  o.e.m.c.i.l.LifecycleMappingFactory - Using org.maven.ide.eclipse.wtp.WarLifecycleMapping lifecycle mapping for MavenProject: id.co.skyforce:minifinance:1.0-SNAPSHOT @ C:\Users\total\git\finalexam\minifinance\pom.xml.
2014-10-29 15:12:22,875 [Worker-15] WARN  o.e.m.c.i.embedder.EclipseLogger - Using platform encoding (Cp1252 actually) to copy filtered resources, i.e. build is platform dependent!
2014-10-29 15:12:22,885 [Worker-15] INFO  o.e.m.c.i.embedder.EclipseLogger - Copying 3 resources
2014-10-29 15:12:22,895 [Worker-15] WARN  o.e.m.c.i.embedder.EclipseLogger - Using platform encoding (Cp1252 actually) to copy filtered resources, i.e. build is platform dependent!
2014-10-29 15:12:22,895 [Worker-15] INFO  o.e.m.c.i.embedder.EclipseLogger - skip non existing resourceDirectory C:\Users\total\git\finalexam\minifinance\src\test\resources
2014-10-29 15:37:28,647 [Worker-10] WARN  o.e.m.c.i.embedder.EclipseLogger - Using platform encoding (Cp1252 actually) to copy filtered resources, i.e. build is platform dependent!
2014-10-29 15:37:28,647 [Worker-10] INFO  o.e.m.c.i.embedder.EclipseLogger - Copying 0 resource
2014-10-29 15:37:28,663 [Worker-10] WARN  o.e.m.c.i.embedder.EclipseLogger - Using platform encoding (Cp1252 actually) to copy filtered resources, i.e. build is platform dependent!
2014-10-29 15:37:28,663 [Worker-10] INFO  o.e.m.c.i.embedder.EclipseLogger - skip non existing resourceDirectory C:\Users\total\git\finalexam\minifinance\src\test\resources
2014-10-29 15:38:16,682 [Worker-3] WARN  o.e.m.c.i.embedder.EclipseLogger - Using platform encoding (Cp1252 actually) to copy filtered resources, i.e. build is platform dependent!
2014-10-29 15:38:16,682 [Worker-3] INFO  o.e.m.c.i.embedder.EclipseLogger - Copying 0 resource
2014-10-29 15:38:16,692 [Worker-3] WARN  o.e.m.c.i.embedder.EclipseLogger - Using platform encoding (Cp1252 actually) to copy filtered resources, i.e. build is platform dependent!
2014-10-29 15:38:16,692 [Worker-3] INFO  o.e.m.c.i.embedder.EclipseLogger - skip non existing resourceDirectory C:\Users\total\git\finalexam\minifinance\src\test\resources
2014-10-29 15:38:45,897 [Worker-22] WARN  o.e.m.c.i.embedder.EclipseLogger - Using platform encoding (Cp1252 actually) to copy filtered resources, i.e. build is platform dependent!
2014-10-29 15:38:45,897 [Worker-22] INFO  o.e.m.c.i.embedder.EclipseLogger - Copying 0 resource
2014-10-29 15:38:45,897 [Worker-22] WARN  o.e.m.c.i.embedder.EclipseLogger - Using platform encoding (Cp1252 actually) to copy filtered resources, i.e. build is platform dependent!
2014-10-29 15:38:45,897 [Worker-22] INFO  o.e.m.c.i.embedder.EclipseLogger - skip non existing resourceDirectory C:\Users\total\git\finalexam\minifinance\src\test\resources
2014-10-29 15:38:46,942 [Worker-10] WARN  o.e.m.c.i.embedder.EclipseLogger - Using platform encoding (Cp1252 actually) to copy filtered resources, i.e. build is platform dependent!
2014-10-29 15:38:46,942 [Worker-10] INFO  o.e.m.c.i.embedder.EclipseLogger - Copying 0 resource
2014-10-29 15:38:46,942 [Worker-10] WARN  o.e.m.c.i.embedder.EclipseLogger - Using platform encoding (Cp1252 actually) to copy filtered resources, i.e. build is platform dependent!
2014-10-29 15:38:46,942 [Worker-10] INFO  o.e.m.c.i.embedder.EclipseLogger - skip non existing resourceDirectory C:\Users\total\git\finalexam\minifinance\src\test\resources
2014-10-29 15:41:25,753 [Worker-17] WARN  o.e.m.c.i.embedder.EclipseLogger - Using platform encoding (Cp1252 actually) to copy filtered resources, i.e. build is platform dependent!
2014-10-29 15:41:25,753 [Worker-17] INFO  o.e.m.c.i.embedder.EclipseLogger - Copying 0 resource
2014-10-29 15:41:25,753 [Worker-17] WARN  o.e.m.c.i.embedder.EclipseLogger - Using platform encoding (Cp1252 actually) to copy filtered resources, i.e. build is platform dependent!
2014-10-29 15:41:25,763 [Worker-17] INFO  o.e.m.c.i.embedder.EclipseLogger - skip non existing resourceDirectory C:\Users\total\git\finalexam\minifinance\src\test\resources
2014-10-29 15:47:10,268 [Worker-21] WARN  o.e.m.c.i.embedder.EclipseLogger - Using platform encoding (Cp1252 actually) to copy filtered resources, i.e. build is platform dependent!
2014-10-29 15:47:10,268 [Worker-21] INFO  o.e.m.c.i.embedder.EclipseLogger - Copying 0 resource
2014-10-29 15:47:10,278 [Worker-21] WARN  o.e.m.c.i.embedder.EclipseLogger - Using platform encoding (Cp1252 actually) to copy filtered resources, i.e. build is platform dependent!
2014-10-29 15:47:10,278 [Worker-21] INFO  o.e.m.c.i.embedder.EclipseLogger - skip non existing resourceDirectory C:\Users\total\git\finalexam\minifinance\src\test\resources
2014-10-29 15:47:42,128 [Worker-21] WARN  o.e.m.c.i.embedder.EclipseLogger - Using platform encoding (Cp1252 actually) to copy filtered resources, i.e. build is platform dependent!
2014-10-29 15:47:42,128 [Worker-21] INFO  o.e.m.c.i.embedder.EclipseLogger - Copying 0 resource
2014-10-29 15:47:42,128 [Worker-21] WARN  o.e.m.c.i.embedder.EclipseLogger - Using platform encoding (Cp1252 actually) to copy filtered resources, i.e. build is platform dependent!
2014-10-29 15:47:42,128 [Worker-21] INFO  o.e.m.c.i.embedder.EclipseLogger - skip non existing resourceDirectory C:\Users\total\git\finalexam\minifinance\src\test\resources
2014-10-29 15:47:44,191 [Worker-3] WARN  o.e.m.c.i.embedder.EclipseLogger - Using platform encoding (Cp1252 actually) to copy filtered resources, i.e. build is platform dependent!
2014-10-29 15:47:44,191 [Worker-3] INFO  o.e.m.c.i.embedder.EclipseLogger - Copying 0 resource
2014-10-29 15:47:44,201 [Worker-3] WARN  o.e.m.c.i.embedder.EclipseLogger - Using platform encoding (Cp1252 actually) to copy filtered resources, i.e. build is platform dependent!
2014-10-29 15:47:44,201 [Worker-3] INFO  o.e.m.c.i.embedder.EclipseLogger - skip non existing resourceDirectory C:\Users\total\git\finalexam\minifinance\src\test\resources
2014-10-29 15:50:08,791 [Worker-21] WARN  o.e.m.c.i.embedder.EclipseLogger - Using platform encoding (Cp1252 actually) to copy filtered resources, i.e. build is platform dependent!
2014-10-29 15:50:08,791 [Worker-21] INFO  o.e.m.c.i.embedder.EclipseLogger - Copying 0 resource
2014-10-29 15:50:08,791 [Worker-21] WARN  o.e.m.c.i.embedder.EclipseLogger - Using platform encoding (Cp1252 actually) to copy filtered resources, i.e. build is platform dependent!
2014-10-29 15:50:08,806 [Worker-21] INFO  o.e.m.c.i.embedder.EclipseLogger - skip non existing resourceDirectory C:\Users\total\git\finalexam\minifinance\src\test\resources
2014-10-29 15:50:10,147 [Worker-21] WARN  o.e.m.c.i.embedder.EclipseLogger - Using platform encoding (Cp1252 actually) to copy filtered resources, i.e. build is platform dependent!
2014-10-29 15:50:10,147 [Worker-21] INFO  o.e.m.c.i.embedder.EclipseLogger - Copying 0 resource
2014-10-29 15:50:10,147 [Worker-21] WARN  o.e.m.c.i.embedder.EclipseLogger - Using platform encoding (Cp1252 actually) to copy filtered resources, i.e. build is platform dependent!
2014-10-29 15:50:10,147 [Worker-21] INFO  o.e.m.c.i.embedder.EclipseLogger - skip non existing resourceDirectory C:\Users\total\git\finalexam\minifinance\src\test\resources
2014-10-29 15:52:01,474 [Worker-3] WARN  o.e.m.c.i.embedder.EclipseLogger - Using platform encoding (Cp1252 actually) to copy filtered resources, i.e. build is platform dependent!
2014-10-29 15:52:01,474 [Worker-3] INFO  o.e.m.c.i.embedder.EclipseLogger - Copying 0 resource
2014-10-29 15:52:01,474 [Worker-3] WARN  o.e.m.c.i.embedder.EclipseLogger - Using platform encoding (Cp1252 actually) to copy filtered resources, i.e. build is platform dependent!
2014-10-29 15:52:01,474 [Worker-3] INFO  o.e.m.c.i.embedder.EclipseLogger - skip non existing resourceDirectory C:\Users\total\git\finalexam\minifinance\src\test\resources
2014-10-29 15:53:23,027 [Worker-16] WARN  o.e.m.c.i.embedder.EclipseLogger - Using platform encoding (Cp1252 actually) to copy filtered resources, i.e. build is platform dependent!
2014-10-29 15:53:23,237 [Worker-16] INFO  o.e.m.c.i.embedder.EclipseLogger - Copying 3 resources
2014-10-29 15:53:23,237 [Worker-16] WARN  o.e.m.c.i.embedder.EclipseLogger - Using platform encoding (Cp1252 actually) to copy filtered resources, i.e. build is platform dependent!
2014-10-29 15:53:23,247 [Worker-16] INFO  o.e.m.c.i.embedder.EclipseLogger - skip non existing resourceDirectory C:\Users\total\git\finalexam\minifinance\src\test\resources
2014-10-29 15:53:49,833 [Worker-21] WARN  o.e.m.c.i.embedder.EclipseLogger - Using platform encoding (Cp1252 actually) to copy filtered resources, i.e. build is platform dependent!
2014-10-29 15:53:49,833 [Worker-21] INFO  o.e.m.c.i.embedder.EclipseLogger - Copying 3 resources
2014-10-29 15:53:49,833 [Worker-21] WARN  o.e.m.c.i.embedder.EclipseLogger - Using platform encoding (Cp1252 actually) to copy filtered resources, i.e. build is platform dependent!
2014-10-29 15:53:49,833 [Worker-21] INFO  o.e.m.c.i.embedder.EclipseLogger - skip non existing resourceDirectory C:\Users\total\git\finalexam\minifinance\src\test\resources
2014-10-29 15:53:51,955 [Worker-23] WARN  o.e.m.c.i.embedder.EclipseLogger - Using platform encoding (Cp1252 actually) to copy filtered resources, i.e. build is platform dependent!
2014-10-29 15:53:51,955 [Worker-23] INFO  o.e.m.c.i.embedder.EclipseLogger - Copying 3 resources
2014-10-29 15:53:51,955 [Worker-23] WARN  o.e.m.c.i.embedder.EclipseLogger - Using platform encoding (Cp1252 actually) to copy filtered resources, i.e. build is platform dependent!
2014-10-29 15:53:51,965 [Worker-23] INFO  o.e.m.c.i.embedder.EclipseLogger - skip non existing resourceDirectory C:\Users\total\git\finalexam\minifinance\src\test\resources
2014-10-29 15:53:53,075 [Worker-22] WARN  o.e.m.c.i.embedder.EclipseLogger - Using platform encoding (Cp1252 actually) to copy filtered resources, i.e. build is platform dependent!
2014-10-29 15:53:53,085 [Worker-22] INFO  o.e.m.c.i.embedder.EclipseLogger - Copying 3 resources
2014-10-29 15:53:53,085 [Worker-22] WARN  o.e.m.c.i.embedder.EclipseLogger - Using platform encoding (Cp1252 actually) to copy filtered resources, i.e. build is platform dependent!
2014-10-29 15:53:53,085 [Worker-22] INFO  o.e.m.c.i.embedder.EclipseLogger - skip non existing resourceDirectory C:\Users\total\git\finalexam\minifinance\src\test\resources
2014-10-29 15:53:54,175 [Worker-3] WARN  o.e.m.c.i.embedder.EclipseLogger - Using platform encoding (Cp1252 actually) to copy filtered resources, i.e. build is platform dependent!
2014-10-29 15:53:54,175 [Worker-3] INFO  o.e.m.c.i.embedder.EclipseLogger - Copying 3 resources
2014-10-29 15:53:54,175 [Worker-3] WARN  o.e.m.c.i.embedder.EclipseLogger - Using platform encoding (Cp1252 actually) to copy filtered resources, i.e. build is platform dependent!
2014-10-29 15:53:54,175 [Worker-3] INFO  o.e.m.c.i.embedder.EclipseLogger - skip non existing resourceDirectory C:\Users\total\git\finalexam\minifinance\src\test\resources
2014-10-29 15:54:23,375 [Worker-3] WARN  o.e.m.c.i.embedder.EclipseLogger - Using platform encoding (Cp1252 actually) to copy filtered resources, i.e. build is platform dependent!
2014-10-29 15:54:23,391 [Worker-3] INFO  o.e.m.c.i.embedder.EclipseLogger - Copying 3 resources
2014-10-29 15:54:23,391 [Worker-3] WARN  o.e.m.c.i.embedder.EclipseLogger - Using platform encoding (Cp1252 actually) to copy filtered resources, i.e. build is platform dependent!
2014-10-29 15:54:23,391 [Worker-3] INFO  o.e.m.c.i.embedder.EclipseLogger - skip non existing resourceDirectory C:\Users\total\git\finalexam\minifinance\src\test\resources
2014-10-29 15:54:27,681 [Worker-21] WARN  o.e.m.c.i.embedder.EclipseLogger - Using platform encoding (Cp1252 actually) to copy filtered resources, i.e. build is platform dependent!
2014-10-29 15:54:27,681 [Worker-21] INFO  o.e.m.c.i.embedder.EclipseLogger - Copying 3 resources
2014-10-29 15:54:27,691 [Worker-21] WARN  o.e.m.c.i.embedder.EclipseLogger - Using platform encoding (Cp1252 actually) to copy filtered resources, i.e. build is platform dependent!
2014-10-29 15:54:27,691 [Worker-21] INFO  o.e.m.c.i.embedder.EclipseLogger - skip non existing resourceDirectory C:\Users\total\git\finalexam\minifinance\src\test\resources
2014-10-29 15:54:38,948 [Worker-15] WARN  o.e.m.c.i.embedder.EclipseLogger - Using platform encoding (Cp1252 actually) to copy filtered resources, i.e. build is platform dependent!
2014-10-29 15:54:38,963 [Worker-15] INFO  o.e.m.c.i.embedder.EclipseLogger - Copying 3 resources
2014-10-29 15:54:38,963 [Worker-15] WARN  o.e.m.c.i.embedder.EclipseLogger - Using platform encoding (Cp1252 actually) to copy filtered resources, i.e. build is platform dependent!
2014-10-29 15:54:38,963 [Worker-15] INFO  o.e.m.c.i.embedder.EclipseLogger - skip non existing resourceDirectory C:\Users\total\git\finalexam\minifinance\src\test\resources
2014-10-29 15:54:41,367 [Worker-22] WARN  o.e.m.c.i.embedder.EclipseLogger - Using platform encoding (Cp1252 actually) to copy filtered resources, i.e. build is platform dependent!
2014-10-29 15:54:41,382 [Worker-22] INFO  o.e.m.c.i.embedder.EclipseLogger - Copying 3 resources
2014-10-29 15:54:41,382 [Worker-22] WARN  o.e.m.c.i.embedder.EclipseLogger - Using platform encoding (Cp1252 actually) to copy filtered resources, i.e. build is platform dependent!
2014-10-29 15:54:41,382 [Worker-22] INFO  o.e.m.c.i.embedder.EclipseLogger - skip non existing resourceDirectory C:\Users\total\git\finalexam\minifinance\src\test\resources
2014-10-29 15:55:21,256 [Worker-21] WARN  o.e.m.c.i.embedder.EclipseLogger - Using platform encoding (Cp1252 actually) to copy filtered resources, i.e. build is platform dependent!
2014-10-29 15:55:21,256 [Worker-21] INFO  o.e.m.c.i.embedder.EclipseLogger - Copying 3 resources
2014-10-29 15:55:21,256 [Worker-21] WARN  o.e.m.c.i.embedder.EclipseLogger - Using platform encoding (Cp1252 actually) to copy filtered resources, i.e. build is platform dependent!
2014-10-29 15:55:21,266 [Worker-21] INFO  o.e.m.c.i.embedder.EclipseLogger - skip non existing resourceDirectory C:\Users\total\git\finalexam\minifinance\src\test\resources
2014-10-29 15:56:14,529 [Worker-24] WARN  o.e.m.c.i.embedder.EclipseLogger - Using platform encoding (Cp1252 actually) to copy filtered resources, i.e. build is platform dependent!
2014-10-29 15:56:14,529 [Worker-24] INFO  o.e.m.c.i.embedder.EclipseLogger - Copying 3 resources
2014-10-29 15:56:14,529 [Worker-24] WARN  o.e.m.c.i.embedder.EclipseLogger - Using platform encoding (Cp1252 actually) to copy filtered resources, i.e. build is platform dependent!
2014-10-29 15:56:14,529 [Worker-24] INFO  o.e.m.c.i.embedder.EclipseLogger - skip non existing resourceDirectory C:\Users\total\git\finalexam\minifinance\src\test\resources
2014-10-29 15:57:41,254 [Worker-22] WARN  o.e.m.c.i.embedder.EclipseLogger - Using platform encoding (Cp1252 actually) to copy filtered resources, i.e. build is platform dependent!
2014-10-29 15:57:41,254 [Worker-22] INFO  o.e.m.c.i.embedder.EclipseLogger - Copying 3 resources
2014-10-29 15:57:41,254 [Worker-22] WARN  o.e.m.c.i.embedder.EclipseLogger - Using platform encoding (Cp1252 actually) to copy filtered resources, i.e. build is platform dependent!
2014-10-29 15:57:41,254 [Worker-22] INFO  o.e.m.c.i.embedder.EclipseLogger - skip non existing resourceDirectory C:\Users\total\git\finalexam\minifinance\src\test\resources
2014-10-29 15:57:42,365 [Worker-3] WARN  o.e.m.c.i.embedder.EclipseLogger - Using platform encoding (Cp1252 actually) to copy filtered resources, i.e. build is platform dependent!
2014-10-29 15:57:42,375 [Worker-3] INFO  o.e.m.c.i.embedder.EclipseLogger - Copying 3 resources
2014-10-29 15:57:42,375 [Worker-3] WARN  o.e.m.c.i.embedder.EclipseLogger - Using platform encoding (Cp1252 actually) to copy filtered resources, i.e. build is platform dependent!
2014-10-29 15:57:42,375 [Worker-3] INFO  o.e.m.c.i.embedder.EclipseLogger - skip non existing resourceDirectory C:\Users\total\git\finalexam\minifinance\src\test\resources
2014-10-29 15:58:09,829 [Worker-24] WARN  o.e.m.c.i.embedder.EclipseLogger - Using platform encoding (Cp1252 actually) to copy filtered resources, i.e. build is platform dependent!
2014-10-29 15:58:09,839 [Worker-24] INFO  o.e.m.c.i.embedder.EclipseLogger - Copying 3 resources
2014-10-29 15:58:09,839 [Worker-24] WARN  o.e.m.c.i.embedder.EclipseLogger - Using platform encoding (Cp1252 actually) to copy filtered resources, i.e. build is platform dependent!
2014-10-29 15:58:09,839 [Worker-24] INFO  o.e.m.c.i.embedder.EclipseLogger - skip non existing resourceDirectory C:\Users\total\git\finalexam\minifinance\src\test\resources
2014-10-29 15:58:58,582 [Worker-22] WARN  o.e.m.c.i.embedder.EclipseLogger - Using platform encoding (Cp1252 actually) to copy filtered resources, i.e. build is platform dependent!
2014-10-29 15:58:58,582 [Worker-22] INFO  o.e.m.c.i.embedder.EclipseLogger - Copying 3 resources
2014-10-29 15:58:58,592 [Worker-22] WARN  o.e.m.c.i.embedder.EclipseLogger - Using platform encoding (Cp1252 actually) to copy filtered resources, i.e. build is platform dependent!
2014-10-29 15:58:58,592 [Worker-22] INFO  o.e.m.c.i.embedder.EclipseLogger - skip non existing resourceDirectory C:\Users\total\git\finalexam\minifinance\src\test\resources
2014-10-29 15:58:59,872 [Worker-22] WARN  o.e.m.c.i.embedder.EclipseLogger - Using platform encoding (Cp1252 actually) to copy filtered resources, i.e. build is platform dependent!
2014-10-29 15:58:59,872 [Worker-22] INFO  o.e.m.c.i.embedder.EclipseLogger - Copying 3 resources
2014-10-29 15:58:59,882 [Worker-22] WARN  o.e.m.c.i.embedder.EclipseLogger - Using platform encoding (Cp1252 actually) to copy filtered resources, i.e. build is platform dependent!
2014-10-29 15:58:59,882 [Worker-22] INFO  o.e.m.c.i.embedder.EclipseLogger - skip non existing resourceDirectory C:\Users\total\git\finalexam\minifinance\src\test\resources
2014-10-29 15:59:06,115 [Worker-15] WARN  o.e.m.c.i.embedder.EclipseLogger - Using platform encoding (Cp1252 actually) to copy filtered resources, i.e. build is platform dependent!
2014-10-29 15:59:06,115 [Worker-15] INFO  o.e.m.c.i.embedder.EclipseLogger - Copying 3 resources
2014-10-29 15:59:06,115 [Worker-15] WARN  o.e.m.c.i.embedder.EclipseLogger - Using platform encoding (Cp1252 actually) to copy filtered resources, i.e. build is platform dependent!
2014-10-29 15:59:06,115 [Worker-15] INFO  o.e.m.c.i.embedder.EclipseLogger - skip non existing resourceDirectory C:\Users\total\git\finalexam\minifinance\src\test\resources
2014-10-29 16:00:59,862 [Worker-16] WARN  o.e.m.c.i.embedder.EclipseLogger - Using platform encoding (Cp1252 actually) to copy filtered resources, i.e. build is platform dependent!
2014-10-29 16:00:59,862 [Worker-16] INFO  o.e.m.c.i.embedder.EclipseLogger - Copying 3 resources
2014-10-29 16:00:59,862 [Worker-16] WARN  o.e.m.c.i.embedder.EclipseLogger - Using platform encoding (Cp1252 actually) to copy filtered resources, i.e. build is platform dependent!
2014-10-29 16:00:59,862 [Worker-16] INFO  o.e.m.c.i.embedder.EclipseLogger - skip non existing resourceDirectory C:\Users\total\git\finalexam\minifinance\src\test\resources
2014-10-29 16:01:21,365 [Worker-3] WARN  o.e.m.c.i.embedder.EclipseLogger - Using platform encoding (Cp1252 actually) to copy filtered resources, i.e. build is platform dependent!
2014-10-29 16:01:21,365 [Worker-3] INFO  o.e.m.c.i.embedder.EclipseLogger - Copying 3 resources
2014-10-29 16:01:21,375 [Worker-3] WARN  o.e.m.c.i.embedder.EclipseLogger - Using platform encoding (Cp1252 actually) to copy filtered resources, i.e. build is platform dependent!
2014-10-29 16:01:21,375 [Worker-3] INFO  o.e.m.c.i.embedder.EclipseLogger - skip non existing resourceDirectory C:\Users\total\git\finalexam\minifinance\src\test\resources
2014-10-29 16:01:41,179 [Worker-16] WARN  o.e.m.c.i.embedder.EclipseLogger - Using platform encoding (Cp1252 actually) to copy filtered resources, i.e. build is platform dependent!
2014-10-29 16:01:41,189 [Worker-16] INFO  o.e.m.c.i.embedder.EclipseLogger - Copying 3 resources
2014-10-29 16:01:41,189 [Worker-16] WARN  o.e.m.c.i.embedder.EclipseLogger - Using platform encoding (Cp1252 actually) to copy filtered resources, i.e. build is platform dependent!
2014-10-29 16:01:41,189 [Worker-16] INFO  o.e.m.c.i.embedder.EclipseLogger - skip non existing resourceDirectory C:\Users\total\git\finalexam\minifinance\src\test\resources
2014-10-29 16:01:50,232 [Worker-23] WARN  o.e.m.c.i.embedder.EclipseLogger - Using platform encoding (Cp1252 actually) to copy filtered resources, i.e. build is platform dependent!
2014-10-29 16:01:50,242 [Worker-23] INFO  o.e.m.c.i.embedder.EclipseLogger - Copying 3 resources
2014-10-29 16:01:50,242 [Worker-23] WARN  o.e.m.c.i.embedder.EclipseLogger - Using platform encoding (Cp1252 actually) to copy filtered resources, i.e. build is platform dependent!
2014-10-29 16:01:50,242 [Worker-23] INFO  o.e.m.c.i.embedder.EclipseLogger - skip non existing resourceDirectory C:\Users\total\git\finalexam\minifinance\src\test\resources
2014-10-29 16:02:31,760 [Worker-22] WARN  o.e.m.c.i.embedder.EclipseLogger - Using platform encoding (Cp1252 actually) to copy filtered resources, i.e. build is platform dependent!
2014-10-29 16:02:31,770 [Worker-22] INFO  o.e.m.c.i.embedder.EclipseLogger - Copying 3 resources
2014-10-29 16:02:31,770 [Worker-22] WARN  o.e.m.c.i.embedder.EclipseLogger - Using platform encoding (Cp1252 actually) to copy filtered resources, i.e. build is platform dependent!
2014-10-29 16:02:31,770 [Worker-22] INFO  o.e.m.c.i.embedder.EclipseLogger - skip non existing resourceDirectory C:\Users\total\git\finalexam\minifinance\src\test\resources
2014-10-29 16:02:40,966 [Worker-24] WARN  o.e.m.c.i.embedder.EclipseLogger - Using platform encoding (Cp1252 actually) to copy filtered resources, i.e. build is platform dependent!
2014-10-29 16:02:40,966 [Worker-24] INFO  o.e.m.c.i.embedder.EclipseLogger - Copying 3 resources
2014-10-29 16:02:40,966 [Worker-24] WARN  o.e.m.c.i.embedder.EclipseLogger - Using platform encoding (Cp1252 actually) to copy filtered resources, i.e. build is platform dependent!
2014-10-29 16:02:40,966 [Worker-24] INFO  o.e.m.c.i.embedder.EclipseLogger - skip non existing resourceDirectory C:\Users\total\git\finalexam\minifinance\src\test\resources
2014-10-29 16:03:07,337 [Worker-3] WARN  o.e.m.c.i.embedder.EclipseLogger - Using platform encoding (Cp1252 actually) to copy filtered resources, i.e. build is platform dependent!
2014-10-29 16:03:07,347 [Worker-3] INFO  o.e.m.c.i.embedder.EclipseLogger - Copying 0 resource
2014-10-29 16:03:07,347 [Worker-3] WARN  o.e.m.c.i.embedder.EclipseLogger - Using platform encoding (Cp1252 actually) to copy filtered resources, i.e. build is platform dependent!
2014-10-29 16:03:07,347 [Worker-3] INFO  o.e.m.c.i.embedder.EclipseLogger - skip non existing resourceDirectory C:\Users\total\git\finalexam\minifinance\src\test\resources
2014-10-29 16:03:27,677 [Worker-16] WARN  o.e.m.c.i.embedder.EclipseLogger - Using platform encoding (Cp1252 actually) to copy filtered resources, i.e. build is platform dependent!
2014-10-29 16:03:27,677 [Worker-16] INFO  o.e.m.c.i.embedder.EclipseLogger - Copying 3 resources
2014-10-29 16:03:27,677 [Worker-16] WARN  o.e.m.c.i.embedder.EclipseLogger - Using platform encoding (Cp1252 actually) to copy filtered resources, i.e. build is platform dependent!
2014-10-29 16:03:27,677 [Worker-16] INFO  o.e.m.c.i.embedder.EclipseLogger - skip non existing resourceDirectory C:\Users\total\git\finalexam\minifinance\src\test\resources
2014-10-29 16:03:33,707 [Worker-24] WARN  o.e.m.c.i.embedder.EclipseLogger - Using platform encoding (Cp1252 actually) to copy filtered resources, i.e. build is platform dependent!
2014-10-29 16:03:33,717 [Worker-24] INFO  o.e.m.c.i.embedder.EclipseLogger - Copying 3 resources
2014-10-29 16:03:33,717 [Worker-24] WARN  o.e.m.c.i.embedder.EclipseLogger - Using platform encoding (Cp1252 actually) to copy filtered resources, i.e. build is platform dependent!
2014-10-29 16:03:33,717 [Worker-24] INFO  o.e.m.c.i.embedder.EclipseLogger - skip non existing resourceDirectory C:\Users\total\git\finalexam\minifinance\src\test\resources
2014-10-29 16:04:44,533 [Worker-22] WARN  o.e.m.c.i.embedder.EclipseLogger - Using platform encoding (Cp1252 actually) to copy filtered resources, i.e. build is platform dependent!
2014-10-29 16:04:44,543 [Worker-22] INFO  o.e.m.c.i.embedder.EclipseLogger - Copying 0 resource
2014-10-29 16:04:44,543 [Worker-22] WARN  o.e.m.c.i.embedder.EclipseLogger - Using platform encoding (Cp1252 actually) to copy filtered resources, i.e. build is platform dependent!
2014-10-29 16:04:44,543 [Worker-22] INFO  o.e.m.c.i.embedder.EclipseLogger - skip non existing resourceDirectory C:\Users\total\git\finalexam\minifinance\src\test\resources
2014-10-29 16:05:24,289 [Worker-22] WARN  o.e.m.c.i.embedder.EclipseLogger - Using platform encoding (Cp1252 actually) to copy filtered resources, i.e. build is platform dependent!
2014-10-29 16:05:24,289 [Worker-22] INFO  o.e.m.c.i.embedder.EclipseLogger - Copying 3 resources
2014-10-29 16:05:24,289 [Worker-22] WARN  o.e.m.c.i.embedder.EclipseLogger - Using platform encoding (Cp1252 actually) to copy filtered resources, i.e. build is platform dependent!
2014-10-29 16:05:24,289 [Worker-22] INFO  o.e.m.c.i.embedder.EclipseLogger - skip non existing resourceDirectory C:\Users\total\git\finalexam\minifinance\src\test\resources
2014-10-29 16:05:43,701 [Worker-23] WARN  o.e.m.c.i.embedder.EclipseLogger - Using platform encoding (Cp1252 actually) to copy filtered resources, i.e. build is platform dependent!
2014-10-29 16:05:43,711 [Worker-23] INFO  o.e.m.c.i.embedder.EclipseLogger - Copying 3 resources
2014-10-29 16:05:43,711 [Worker-23] WARN  o.e.m.c.i.embedder.EclipseLogger - Using platform encoding (Cp1252 actually) to copy filtered resources, i.e. build is platform dependent!
2014-10-29 16:05:43,711 [Worker-23] INFO  o.e.m.c.i.embedder.EclipseLogger - skip non existing resourceDirectory C:\Users\total\git\finalexam\minifinance\src\test\resources
2014-10-29 16:05:56,883 [Worker-22] WARN  o.e.m.c.i.embedder.EclipseLogger - Using platform encoding (Cp1252 actually) to copy filtered resources, i.e. build is platform dependent!
2014-10-29 16:05:56,893 [Worker-22] INFO  o.e.m.c.i.embedder.EclipseLogger - Copying 3 resources
2014-10-29 16:05:56,893 [Worker-22] WARN  o.e.m.c.i.embedder.EclipseLogger - Using platform encoding (Cp1252 actually) to copy filtered resources, i.e. build is platform dependent!
2014-10-29 16:05:56,893 [Worker-22] INFO  o.e.m.c.i.embedder.EclipseLogger - skip non existing resourceDirectory C:\Users\total\git\finalexam\minifinance\src\test\resources
2014-10-29 16:06:03,396 [Worker-26] WARN  o.e.m.c.i.embedder.EclipseLogger - Using platform encoding (Cp1252 actually) to copy filtered resources, i.e. build is platform dependent!
2014-10-29 16:06:03,396 [Worker-26] INFO  o.e.m.c.i.embedder.EclipseLogger - Copying 3 resources
2014-10-29 16:06:03,396 [Worker-26] WARN  o.e.m.c.i.embedder.EclipseLogger - Using platform encoding (Cp1252 actually) to copy filtered resources, i.e. build is platform dependent!
2014-10-29 16:06:03,396 [Worker-26] INFO  o.e.m.c.i.embedder.EclipseLogger - skip non existing resourceDirectory C:\Users\total\git\finalexam\minifinance\src\test\resources
2014-10-29 16:06:04,462 [Worker-3] WARN  o.e.m.c.i.embedder.EclipseLogger - Using platform encoding (Cp1252 actually) to copy filtered resources, i.e. build is platform dependent!
2014-10-29 16:06:04,462 [Worker-3] INFO  o.e.m.c.i.embedder.EclipseLogger - Copying 3 resources
2014-10-29 16:06:04,462 [Worker-3] WARN  o.e.m.c.i.embedder.EclipseLogger - Using platform encoding (Cp1252 actually) to copy filtered resources, i.e. build is platform dependent!
2014-10-29 16:06:04,462 [Worker-3] INFO  o.e.m.c.i.embedder.EclipseLogger - skip non existing resourceDirectory C:\Users\total\git\finalexam\minifinance\src\test\resources
2014-10-29 16:07:11,803 [Worker-3] WARN  o.e.m.c.i.embedder.EclipseLogger - Using platform encoding (Cp1252 actually) to copy filtered resources, i.e. build is platform dependent!
2014-10-29 16:07:11,803 [Worker-3] INFO  o.e.m.c.i.embedder.EclipseLogger - Copying 3 resources
2014-10-29 16:07:11,803 [Worker-3] WARN  o.e.m.c.i.embedder.EclipseLogger - Using platform encoding (Cp1252 actually) to copy filtered resources, i.e. build is platform dependent!
2014-10-29 16:07:11,803 [Worker-3] INFO  o.e.m.c.i.embedder.EclipseLogger - skip non existing resourceDirectory C:\Users\total\git\finalexam\minifinance\src\test\resources
2014-10-29 16:07:13,083 [Worker-23] WARN  o.e.m.c.i.embedder.EclipseLogger - Using platform encoding (Cp1252 actually) to copy filtered resources, i.e. build is platform dependent!
2014-10-29 16:07:13,083 [Worker-23] INFO  o.e.m.c.i.embedder.EclipseLogger - Copying 3 resources
2014-10-29 16:07:13,083 [Worker-23] WARN  o.e.m.c.i.embedder.EclipseLogger - Using platform encoding (Cp1252 actually) to copy filtered resources, i.e. build is platform dependent!
2014-10-29 16:07:13,093 [Worker-23] INFO  o.e.m.c.i.embedder.EclipseLogger - skip non existing resourceDirectory C:\Users\total\git\finalexam\minifinance\src\test\resources
2014-10-29 16:07:20,147 [Worker-21] WARN  o.e.m.c.i.embedder.EclipseLogger - Using platform encoding (Cp1252 actually) to copy filtered resources, i.e. build is platform dependent!
2014-10-29 16:07:20,147 [Worker-21] INFO  o.e.m.c.i.embedder.EclipseLogger - Copying 3 resources
2014-10-29 16:07:20,147 [Worker-21] WARN  o.e.m.c.i.embedder.EclipseLogger - Using platform encoding (Cp1252 actually) to copy filtered resources, i.e. build is platform dependent!
2014-10-29 16:07:20,157 [Worker-21] INFO  o.e.m.c.i.embedder.EclipseLogger - skip non existing resourceDirectory C:\Users\total\git\finalexam\minifinance\src\test\resources
2014-10-29 16:07:54,295 [Worker-26] WARN  o.e.m.c.i.embedder.EclipseLogger - Using platform encoding (Cp1252 actually) to copy filtered resources, i.e. build is platform dependent!
2014-10-29 16:07:54,295 [Worker-26] INFO  o.e.m.c.i.embedder.EclipseLogger - Copying 0 resource
2014-10-29 16:07:54,305 [Worker-26] WARN  o.e.m.c.i.embedder.EclipseLogger - Using platform encoding (Cp1252 actually) to copy filtered resources, i.e. build is platform dependent!
2014-10-29 16:07:54,305 [Worker-26] INFO  o.e.m.c.i.embedder.EclipseLogger - skip non existing resourceDirectory C:\Users\total\git\finalexam\minifinance\src\test\resources
2014-10-29 16:08:22,677 [Worker-26] WARN  o.e.m.c.i.embedder.EclipseLogger - Using platform encoding (Cp1252 actually) to copy filtered resources, i.e. build is platform dependent!
2014-10-29 16:08:22,687 [Worker-26] INFO  o.e.m.c.i.embedder.EclipseLogger - Copying 0 resource
2014-10-29 16:08:22,687 [Worker-26] WARN  o.e.m.c.i.embedder.EclipseLogger - Using platform encoding (Cp1252 actually) to copy filtered resources, i.e. build is platform dependent!
2014-10-29 16:08:22,687 [Worker-26] INFO  o.e.m.c.i.embedder.EclipseLogger - skip non existing resourceDirectory C:\Users\total\git\finalexam\minifinance\src\test\resources
2014-10-29 16:09:34,883 [Worker-26] WARN  o.e.m.c.i.embedder.EclipseLogger - Using platform encoding (Cp1252 actually) to copy filtered resources, i.e. build is platform dependent!
2014-10-29 16:09:34,883 [Worker-26] INFO  o.e.m.c.i.embedder.EclipseLogger - Copying 0 resource
2014-10-29 16:09:34,893 [Worker-26] WARN  o.e.m.c.i.embedder.EclipseLogger - Using platform encoding (Cp1252 actually) to copy filtered resources, i.e. build is platform dependent!
2014-10-29 16:09:34,893 [Worker-26] INFO  o.e.m.c.i.embedder.EclipseLogger - skip non existing resourceDirectory C:\Users\total\git\finalexam\minifinance\src\test\resources
2014-10-29 16:09:45,594 [Worker-23] WARN  o.e.m.c.i.embedder.EclipseLogger - Using platform encoding (Cp1252 actually) to copy filtered resources, i.e. build is platform dependent!
2014-10-29 16:09:45,594 [Worker-23] INFO  o.e.m.c.i.embedder.EclipseLogger - Copying 0 resource
2014-10-29 16:09:45,594 [Worker-23] WARN  o.e.m.c.i.embedder.EclipseLogger - Using platform encoding (Cp1252 actually) to copy filtered resources, i.e. build is platform dependent!
2014-10-29 16:09:45,594 [Worker-23] INFO  o.e.m.c.i.embedder.EclipseLogger - skip non existing resourceDirectory C:\Users\total\git\finalexam\minifinance\src\test\resources
2014-10-29 16:09:47,724 [Worker-15] WARN  o.e.m.c.i.embedder.EclipseLogger - Using platform encoding (Cp1252 actually) to copy filtered resources, i.e. build is platform dependent!
2014-10-29 16:09:47,724 [Worker-15] INFO  o.e.m.c.i.embedder.EclipseLogger - Copying 0 resource
2014-10-29 16:09:47,734 [Worker-15] WARN  o.e.m.c.i.embedder.EclipseLogger - Using platform encoding (Cp1252 actually) to copy filtered resources, i.e. build is platform dependent!
2014-10-29 16:09:47,734 [Worker-15] INFO  o.e.m.c.i.embedder.EclipseLogger - skip non existing resourceDirectory C:\Users\total\git\finalexam\minifinance\src\test\resources
2014-10-29 16:10:04,843 [Worker-24] WARN  o.e.m.c.i.embedder.EclipseLogger - Using platform encoding (Cp1252 actually) to copy filtered resources, i.e. build is platform dependent!
2014-10-29 16:10:04,853 [Worker-24] INFO  o.e.m.c.i.embedder.EclipseLogger - Copying 0 resource
2014-10-29 16:10:04,853 [Worker-24] WARN  o.e.m.c.i.embedder.EclipseLogger - Using platform encoding (Cp1252 actually) to copy filtered resources, i.e. build is platform dependent!
2014-10-29 16:10:04,853 [Worker-24] INFO  o.e.m.c.i.embedder.EclipseLogger - skip non existing resourceDirectory C:\Users\total\git\finalexam\minifinance\src\test\resources
2014-10-29 16:10:07,033 [Worker-21] WARN  o.e.m.c.i.embedder.EclipseLogger - Using platform encoding (Cp1252 actually) to copy filtered resources, i.e. build is platform dependent!
2014-10-29 16:10:07,033 [Worker-21] INFO  o.e.m.c.i.embedder.EclipseLogger - Copying 0 resource
2014-10-29 16:10:07,043 [Worker-21] WARN  o.e.m.c.i.embedder.EclipseLogger - Using platform encoding (Cp1252 actually) to copy filtered resources, i.e. build is platform dependent!
2014-10-29 16:10:07,043 [Worker-21] INFO  o.e.m.c.i.embedder.EclipseLogger - skip non existing resourceDirectory C:\Users\total\git\finalexam\minifinance\src\test\resources
2014-10-29 16:11:02,394 [Worker-27] WARN  o.e.m.c.i.embedder.EclipseLogger - Using platform encoding (Cp1252 actually) to copy filtered resources, i.e. build is platform dependent!
2014-10-29 16:11:02,394 [Worker-27] INFO  o.e.m.c.i.embedder.EclipseLogger - Copying 0 resource
2014-10-29 16:11:02,394 [Worker-27] WARN  o.e.m.c.i.embedder.EclipseLogger - Using platform encoding (Cp1252 actually) to copy filtered resources, i.e. build is platform dependent!
2014-10-29 16:11:02,394 [Worker-27] INFO  o.e.m.c.i.embedder.EclipseLogger - skip non existing resourceDirectory C:\Users\total\git\finalexam\minifinance\src\test\resources
2014-10-29 16:11:42,048 [Worker-15] WARN  o.e.m.c.i.embedder.EclipseLogger - Using platform encoding (Cp1252 actually) to copy filtered resources, i.e. build is platform dependent!
2014-10-29 16:11:42,048 [Worker-15] INFO  o.e.m.c.i.embedder.EclipseLogger - Copying 3 resources
2014-10-29 16:11:42,048 [Worker-15] WARN  o.e.m.c.i.embedder.EclipseLogger - Using platform encoding (Cp1252 actually) to copy filtered resources, i.e. build is platform dependent!
2014-10-29 16:11:42,048 [Worker-15] INFO  o.e.m.c.i.embedder.EclipseLogger - skip non existing resourceDirectory C:\Users\total\git\finalexam\minifinance\src\test\resources
2014-10-29 16:11:44,298 [Worker-15] WARN  o.e.m.c.i.embedder.EclipseLogger - Using platform encoding (Cp1252 actually) to copy filtered resources, i.e. build is platform dependent!
2014-10-29 16:11:44,298 [Worker-15] INFO  o.e.m.c.i.embedder.EclipseLogger - Copying 3 resources
2014-10-29 16:11:44,298 [Worker-15] WARN  o.e.m.c.i.embedder.EclipseLogger - Using platform encoding (Cp1252 actually) to copy filtered resources, i.e. build is platform dependent!
2014-10-29 16:11:44,298 [Worker-15] INFO  o.e.m.c.i.embedder.EclipseLogger - skip non existing resourceDirectory C:\Users\total\git\finalexam\minifinance\src\test\resources
2014-10-29 16:12:49,971 [Worker-27] WARN  o.e.m.c.i.embedder.EclipseLogger - Using platform encoding (Cp1252 actually) to copy filtered resources, i.e. build is platform dependent!
2014-10-29 16:12:49,971 [Worker-27] INFO  o.e.m.c.i.embedder.EclipseLogger - Copying 3 resources
2014-10-29 16:12:49,971 [Worker-27] WARN  o.e.m.c.i.embedder.EclipseLogger - Using platform encoding (Cp1252 actually) to copy filtered resources, i.e. build is platform dependent!
2014-10-29 16:12:49,971 [Worker-27] INFO  o.e.m.c.i.embedder.EclipseLogger - skip non existing resourceDirectory C:\Users\total\git\finalexam\minifinance\src\test\resources
2014-10-29 16:14:13,259 [Worker-22] WARN  o.e.m.c.i.embedder.EclipseLogger - Using platform encoding (Cp1252 actually) to copy filtered resources, i.e. build is platform dependent!
2014-10-29 16:14:13,259 [Worker-22] INFO  o.e.m.c.i.embedder.EclipseLogger - Copying 3 resources
2014-10-29 16:14:13,259 [Worker-22] WARN  o.e.m.c.i.embedder.EclipseLogger - Using platform encoding (Cp1252 actually) to copy filtered resources, i.e. build is platform dependent!
2014-10-29 16:14:13,259 [Worker-22] INFO  o.e.m.c.i.embedder.EclipseLogger - skip non existing resourceDirectory C:\Users\total\git\finalexam\minifinance\src\test\resources
2014-10-29 16:15:38,823 [Worker-26] WARN  o.e.m.c.i.embedder.EclipseLogger - Using platform encoding (Cp1252 actually) to copy filtered resources, i.e. build is platform dependent!
2014-10-29 16:15:38,823 [Worker-26] INFO  o.e.m.c.i.embedder.EclipseLogger - Copying 3 resources
2014-10-29 16:15:38,823 [Worker-26] WARN  o.e.m.c.i.embedder.EclipseLogger - Using platform encoding (Cp1252 actually) to copy filtered resources, i.e. build is platform dependent!
2014-10-29 16:15:38,823 [Worker-26] INFO  o.e.m.c.i.embedder.EclipseLogger - skip non existing resourceDirectory C:\Users\total\git\finalexam\minifinance\src\test\resources
2014-10-29 16:21:22,853 [Worker-30] INFO  o.e.m.c.i.l.LifecycleMappingFactory - Using org.maven.ide.eclipse.wtp.WarLifecycleMapping lifecycle mapping for MavenProject: id.co.skyforce:minifinance:1.0-SNAPSHOT @ C:\Users\total\git\finalexam\minifinance\pom.xml.
2014-10-29 16:21:24,413 [Worker-23] WARN  o.e.m.c.i.embedder.EclipseLogger - Using platform encoding (Cp1252 actually) to copy filtered resources, i.e. build is platform dependent!
2014-10-29 16:21:24,423 [Worker-23] INFO  o.e.m.c.i.embedder.EclipseLogger - Copying 3 resources
2014-10-29 16:21:24,423 [Worker-23] WARN  o.e.m.c.i.embedder.EclipseLogger - Using platform encoding (Cp1252 actually) to copy filtered resources, i.e. build is platform dependent!
2014-10-29 16:21:24,423 [Worker-23] INFO  o.e.m.c.i.embedder.EclipseLogger - skip non existing resourceDirectory C:\Users\total\git\finalexam\minifinance\src\test\resources
2014-10-29 16:32:07,814 [Worker-1] INFO  o.e.m.c.i.l.LifecycleMappingFactory - Using org.maven.ide.eclipse.wtp.WarLifecycleMapping lifecycle mapping for MavenProject: id.co.skyforce:minifinance:1.0-SNAPSHOT @ C:\Users\total\git\finalexam\minifinance\pom.xml.
2014-10-29 16:32:12,233 [Worker-11] WARN  o.e.m.c.i.embedder.EclipseLogger - Using platform encoding (Cp1252 actually) to copy filtered resources, i.e. build is platform dependent!
2014-10-29 16:32:12,243 [Worker-11] INFO  o.e.m.c.i.embedder.EclipseLogger - Copying 3 resources
2014-10-29 16:32:12,253 [Worker-11] WARN  o.e.m.c.i.embedder.EclipseLogger - Using platform encoding (Cp1252 actually) to copy filtered resources, i.e. build is platform dependent!
2014-10-29 16:32:12,253 [Worker-11] INFO  o.e.m.c.i.embedder.EclipseLogger - skip non existing resourceDirectory C:\Users\total\git\finalexam\minifinance\src\test\resources
2014-10-29 16:39:34,871 [Worker-14] WARN  o.e.m.c.i.embedder.EclipseLogger - Using platform encoding (Cp1252 actually) to copy filtered resources, i.e. build is platform dependent!
2014-10-29 16:39:34,881 [Worker-14] INFO  o.e.m.c.i.embedder.EclipseLogger - Copying 3 resources
2014-10-29 16:39:34,881 [Worker-14] WARN  o.e.m.c.i.embedder.EclipseLogger - Using platform encoding (Cp1252 actually) to copy filtered resources, i.e. build is platform dependent!
2014-10-29 16:39:34,891 [Worker-14] INFO  o.e.m.c.i.embedder.EclipseLogger - skip non existing resourceDirectory C:\Users\total\git\finalexam\minifinance\src\test\resources
2014-10-29 16:39:42,107 [Worker-15] WARN  o.e.m.c.i.embedder.EclipseLogger - Using platform encoding (Cp1252 actually) to copy filtered resources, i.e. build is platform dependent!
2014-10-29 16:39:42,107 [Worker-15] INFO  o.e.m.c.i.embedder.EclipseLogger - Copying 3 resources
2014-10-29 16:39:42,107 [Worker-15] WARN  o.e.m.c.i.embedder.EclipseLogger - Using platform encoding (Cp1252 actually) to copy filtered resources, i.e. build is platform dependent!
2014-10-29 16:39:42,107 [Worker-15] INFO  o.e.m.c.i.embedder.EclipseLogger - skip non existing resourceDirectory C:\Users\total\git\finalexam\minifinance\src\test\resources
2014-10-29 16:41:39,540 [Worker-16] WARN  o.e.m.c.i.embedder.EclipseLogger - Using platform encoding (Cp1252 actually) to copy filtered resources, i.e. build is platform dependent!
2014-10-29 16:41:39,550 [Worker-16] INFO  o.e.m.c.i.embedder.EclipseLogger - Copying 3 resources
2014-10-29 16:41:39,550 [Worker-16] WARN  o.e.m.c.i.embedder.EclipseLogger - Using platform encoding (Cp1252 actually) to copy filtered resources, i.e. build is platform dependent!
2014-10-29 16:41:39,550 [Worker-16] INFO  o.e.m.c.i.embedder.EclipseLogger - skip non existing resourceDirectory C:\Users\total\git\finalexam\minifinance\src\test\resources
2014-10-29 16:42:24,024 [Worker-16] WARN  o.e.m.c.i.embedder.EclipseLogger - Using platform encoding (Cp1252 actually) to copy filtered resources, i.e. build is platform dependent!
2014-10-29 16:42:24,024 [Worker-16] INFO  o.e.m.c.i.embedder.EclipseLogger - Copying 3 resources
2014-10-29 16:42:24,034 [Worker-16] WARN  o.e.m.c.i.embedder.EclipseLogger - Using platform encoding (Cp1252 actually) to copy filtered resources, i.e. build is platform dependent!
2014-10-29 16:42:24,034 [Worker-16] INFO  o.e.m.c.i.embedder.EclipseLogger - skip non existing resourceDirectory C:\Users\total\git\finalexam\minifinance\src\test\resources
2014-10-29 16:43:16,043 [Worker-10] WARN  o.e.m.c.i.embedder.EclipseLogger - Using platform encoding (Cp1252 actually) to copy filtered resources, i.e. build is platform dependent!
2014-10-29 16:43:16,059 [Worker-10] INFO  o.e.m.c.i.embedder.EclipseLogger - Copying 3 resources
2014-10-29 16:43:16,059 [Worker-10] WARN  o.e.m.c.i.embedder.EclipseLogger - Using platform encoding (Cp1252 actually) to copy filtered resources, i.e. build is platform dependent!
2014-10-29 16:43:16,059 [Worker-10] INFO  o.e.m.c.i.embedder.EclipseLogger - skip non existing resourceDirectory C:\Users\total\git\finalexam\minifinance\src\test\resources
2014-10-29 16:43:18,181 [Worker-6] WARN  o.e.m.c.i.embedder.EclipseLogger - Using platform encoding (Cp1252 actually) to copy filtered resources, i.e. build is platform dependent!
2014-10-29 16:43:18,191 [Worker-6] INFO  o.e.m.c.i.embedder.EclipseLogger - Copying 3 resources
2014-10-29 16:43:18,191 [Worker-6] WARN  o.e.m.c.i.embedder.EclipseLogger - Using platform encoding (Cp1252 actually) to copy filtered resources, i.e. build is platform dependent!
2014-10-29 16:43:18,191 [Worker-6] INFO  o.e.m.c.i.embedder.EclipseLogger - skip non existing resourceDirectory C:\Users\total\git\finalexam\minifinance\src\test\resources
2014-10-29 16:43:41,941 [Worker-1] WARN  o.e.m.c.i.embedder.EclipseLogger - Using platform encoding (Cp1252 actually) to copy filtered resources, i.e. build is platform dependent!
2014-10-29 16:43:41,941 [Worker-1] INFO  o.e.m.c.i.embedder.EclipseLogger - Copying 3 resources
2014-10-29 16:43:41,941 [Worker-1] WARN  o.e.m.c.i.embedder.EclipseLogger - Using platform encoding (Cp1252 actually) to copy filtered resources, i.e. build is platform dependent!
2014-10-29 16:43:41,941 [Worker-1] INFO  o.e.m.c.i.embedder.EclipseLogger - skip non existing resourceDirectory C:\Users\total\git\finalexam\minifinance\src\test\resources
2014-10-29 16:43:44,076 [Worker-10] WARN  o.e.m.c.i.embedder.EclipseLogger - Using platform encoding (Cp1252 actually) to copy filtered resources, i.e. build is platform dependent!
2014-10-29 16:43:44,076 [Worker-10] INFO  o.e.m.c.i.embedder.EclipseLogger - Copying 3 resources
2014-10-29 16:43:44,076 [Worker-10] WARN  o.e.m.c.i.embedder.EclipseLogger - Using platform encoding (Cp1252 actually) to copy filtered resources, i.e. build is platform dependent!
2014-10-29 16:43:44,076 [Worker-10] INFO  o.e.m.c.i.embedder.EclipseLogger - skip non existing resourceDirectory C:\Users\total\git\finalexam\minifinance\src\test\resources
2014-10-29 16:48:30,711 [Worker-18] WARN  o.e.m.c.i.embedder.EclipseLogger - Using platform encoding (Cp1252 actually) to copy filtered resources, i.e. build is platform dependent!
2014-10-29 16:48:30,771 [Worker-18] INFO  o.e.m.c.i.embedder.EclipseLogger - Copying 0 resource
2014-10-29 16:48:30,771 [Worker-18] WARN  o.e.m.c.i.embedder.EclipseLogger - Using platform encoding (Cp1252 actually) to copy filtered resources, i.e. build is platform dependent!
2014-10-29 16:48:30,781 [Worker-18] INFO  o.e.m.c.i.embedder.EclipseLogger - skip non existing resourceDirectory C:\Users\total\git\finalexam\minifinance\src\test\resources
2014-10-29 16:53:28,294 [Worker-18] WARN  o.e.m.c.i.embedder.EclipseLogger - Using platform encoding (Cp1252 actually) to copy filtered resources, i.e. build is platform dependent!
2014-10-29 16:53:28,294 [Worker-18] INFO  o.e.m.c.i.embedder.EclipseLogger - Copying 0 resource
2014-10-29 16:53:28,294 [Worker-18] WARN  o.e.m.c.i.embedder.EclipseLogger - Using platform encoding (Cp1252 actually) to copy filtered resources, i.e. build is platform dependent!
2014-10-29 16:53:28,309 [Worker-18] INFO  o.e.m.c.i.embedder.EclipseLogger - skip non existing resourceDirectory C:\Users\total\git\finalexam\minifinance\src\test\resources
2014-10-29 16:53:49,265 [Worker-18] WARN  o.e.m.c.i.embedder.EclipseLogger - Using platform encoding (Cp1252 actually) to copy filtered resources, i.e. build is platform dependent!
2014-10-29 16:53:49,265 [Worker-18] INFO  o.e.m.c.i.embedder.EclipseLogger - Copying 0 resource
2014-10-29 16:53:49,265 [Worker-18] WARN  o.e.m.c.i.embedder.EclipseLogger - Using platform encoding (Cp1252 actually) to copy filtered resources, i.e. build is platform dependent!
2014-10-29 16:53:49,265 [Worker-18] INFO  o.e.m.c.i.embedder.EclipseLogger - skip non existing resourceDirectory C:\Users\total\git\finalexam\minifinance\src\test\resources
2014-10-29 16:57:41,453 [Worker-6] WARN  o.e.m.c.i.embedder.EclipseLogger - Using platform encoding (Cp1252 actually) to copy filtered resources, i.e. build is platform dependent!
2014-10-29 16:57:41,453 [Worker-6] INFO  o.e.m.c.i.embedder.EclipseLogger - Copying 0 resource
2014-10-29 16:57:41,453 [Worker-6] WARN  o.e.m.c.i.embedder.EclipseLogger - Using platform encoding (Cp1252 actually) to copy filtered resources, i.e. build is platform dependent!
2014-10-29 16:57:41,453 [Worker-6] INFO  o.e.m.c.i.embedder.EclipseLogger - skip non existing resourceDirectory C:\Users\total\git\finalexam\minifinance\src\test\resources
2014-10-29 16:59:09,719 [Worker-17] WARN  o.e.m.c.i.embedder.EclipseLogger - Using platform encoding (Cp1252 actually) to copy filtered resources, i.e. build is platform dependent!
2014-10-29 16:59:09,719 [Worker-17] INFO  o.e.m.c.i.embedder.EclipseLogger - Copying 0 resource
2014-10-29 16:59:09,729 [Worker-17] WARN  o.e.m.c.i.embedder.EclipseLogger - Using platform encoding (Cp1252 actually) to copy filtered resources, i.e. build is platform dependent!
2014-10-29 16:59:09,729 [Worker-17] INFO  o.e.m.c.i.embedder.EclipseLogger - skip non existing resourceDirectory C:\Users\total\git\finalexam\minifinance\src\test\resources
2014-10-29 16:59:16,651 [Worker-14] WARN  o.e.m.c.i.embedder.EclipseLogger - Using platform encoding (Cp1252 actually) to copy filtered resources, i.e. build is platform dependent!
2014-10-29 16:59:16,651 [Worker-14] INFO  o.e.m.c.i.embedder.EclipseLogger - Copying 0 resource
2014-10-29 16:59:16,651 [Worker-14] WARN  o.e.m.c.i.embedder.EclipseLogger - Using platform encoding (Cp1252 actually) to copy filtered resources, i.e. build is platform dependent!
2014-10-29 16:59:16,651 [Worker-14] INFO  o.e.m.c.i.embedder.EclipseLogger - skip non existing resourceDirectory C:\Users\total\git\finalexam\minifinance\src\test\resources
